0 info it worked if it ends with ok
1 verbose cli [ 'D:\\Program Files\\nodejs\\\\node.exe',
1 verbose cli   'D:\\Program Files\\nodejs\\node_modules\\npm\\bin\\npm-cli.js',
1 verbose cli   'install',
1 verbose cli   'grunt-contrib-jsint',
1 verbose cli   '--save-dev' ]
2 info using npm@1.4.28
3 info using node@v0.10.35
4 verbose node symlink D:\Program Files\nodejs\\node.exe
5 warn package.json my-project-name@0.1.0 No description
6 warn package.json my-project-name@0.1.0 No repository field.
7 warn package.json my-project-name@0.1.0 No README data
8 verbose readDependencies using package.json deps
9 verbose cache add [ 'grunt-contrib-jsint', null ]
10 verbose cache add name=undefined spec="grunt-contrib-jsint" args=["grunt-contrib-jsint",null]
11 verbose parsed url { protocol: null,
11 verbose parsed url   slashes: null,
11 verbose parsed url   auth: null,
11 verbose parsed url   host: null,
11 verbose parsed url   port: null,
11 verbose parsed url   hostname: null,
11 verbose parsed url   hash: null,
11 verbose parsed url   search: null,
11 verbose parsed url   query: null,
11 verbose parsed url   pathname: 'grunt-contrib-jsint',
11 verbose parsed url   path: 'grunt-contrib-jsint',
11 verbose parsed url   href: 'grunt-contrib-jsint' }
12 silly lockFile 13c38612-grunt-contrib-jsint grunt-contrib-jsint
13 verbose lock grunt-contrib-jsint C:\Users\Administrator\AppData\Roaming\npm-cache\13c38612-grunt-contrib-jsint.lock
14 silly lockFile 13c38612-grunt-contrib-jsint grunt-contrib-jsint
15 silly lockFile 13c38612-grunt-contrib-jsint grunt-contrib-jsint
16 verbose addNamed [ 'grunt-contrib-jsint', '' ]
17 verbose addNamed [ null, '*' ]
18 silly lockFile 04e105f1-grunt-contrib-jsint grunt-contrib-jsint@
19 verbose lock grunt-contrib-jsint@ C:\Users\Administrator\AppData\Roaming\npm-cache\04e105f1-grunt-contrib-jsint.lock
20 silly addNameRange { name: 'grunt-contrib-jsint', range: '*', hasData: false }
21 verbose request where is /grunt-contrib-jsint
22 verbose request registry https://registry.npmjs.org/
23 verbose request id d4f5e1e3584a3baa
24 verbose url raw /grunt-contrib-jsint
25 verbose url resolving [ 'https://registry.npmjs.org/', './grunt-contrib-jsint' ]
26 verbose url resolved https://registry.npmjs.org/grunt-contrib-jsint
27 verbose request where is https://registry.npmjs.org/grunt-contrib-jsint
28 info trying registry request attempt 1 at 14:20:41
29 http GET https://registry.npmjs.org/grunt-contrib-jsint
30 http 404 https://registry.npmjs.org/grunt-contrib-jsint
31 verbose headers { server: 'CouchDB/1.5.0 (Erlang OTP/R16B03)',
31 verbose headers   'content-type': 'application/json',
31 verbose headers   'cache-control': 'max-age=0',
31 verbose headers   'content-length': '51',
31 verbose headers   'accept-ranges': 'bytes',
31 verbose headers   date: 'Tue, 28 Jul 2015 06:22:21 GMT',
31 verbose headers   via: '1.1 varnish',
31 verbose headers   age: '0',
31 verbose headers   connection: 'keep-alive',
31 verbose headers   'x-served-by': 'cache-nrt6122-NRT',
31 verbose headers   'x-cache': 'MISS',
31 verbose headers   'x-cache-hits': '0',
31 verbose headers   'x-timer': 'S1438064541.315045,VS0,VE143' }
32 silly registry.get cb [ 404,
32 silly registry.get   { server: 'CouchDB/1.5.0 (Erlang OTP/R16B03)',
32 silly registry.get     'content-type': 'application/json',
32 silly registry.get     'cache-control': 'max-age=0',
32 silly registry.get     'content-length': '51',
32 silly registry.get     'accept-ranges': 'bytes',
32 silly registry.get     date: 'Tue, 28 Jul 2015 06:22:21 GMT',
32 silly registry.get     via: '1.1 varnish',
32 silly registry.get     age: '0',
32 silly registry.get     connection: 'keep-alive',
32 silly registry.get     'x-served-by': 'cache-nrt6122-NRT',
32 silly registry.get     'x-cache': 'MISS',
32 silly registry.get     'x-cache-hits': '0',
32 silly registry.get     'x-timer': 'S1438064541.315045,VS0,VE143' } ]
33 silly lockFile 04e105f1-grunt-contrib-jsint grunt-contrib-jsint@
34 silly lockFile 04e105f1-grunt-contrib-jsint grunt-contrib-jsint@
35 error 404 404 Not Found: grunt-contrib-jsint
35 error 404
35 error 404 'grunt-contrib-jsint' is not in the npm registry.
35 error 404 You should bug the author to publish it
35 error 404 It was specified as a dependency of 'my-project-name'
35 error 404
35 error 404 Note that you can also install from a
35 error 404 tarball, folder, or http url, or git url.
36 error System Windows_NT 6.1.7601
37 error command "D:\\Program Files\\nodejs\\\\node.exe" "D:\\Program Files\\nodejs\\node_modules\\npm\\bin\\npm-cli.js" "install" "grunt-contrib-jsint" "--save-dev"
38 error cwd D:\Program Files\nodejs\grunt_project
39 error node -v v0.10.35
40 error npm -v 1.4.28
41 error code E404
42 verbose exit [ 1, true ]
